<?xml version="1.0" encoding="UTF-8"?>
<testsuite name="net.oucrc.ApiResultMapTest" tests="2" skipped="0" failures="0" errors="0" timestamp="2022-11-11T00:20:16" hostname="RyonoMacBook-Pro.local" time="0.001">
  <properties/>
  <testcase name="型がSuccessの時はラムダ式を実行して結果を返す" classname="net.oucrc.ApiResultMapTest" time="0.0"/>
  <testcase name="型がFailureの時はそのままの結果を返す" classname="net.oucrc.ApiResultMapTest" time="0.001"/>
  <system-out><![CDATA[]]></system-out>
  <system-err><![CDATA[]]></system-err>
</testsuite>
